{"/Users/ross.stuart/5oclock/lambda/index.js": {"path":"/Users/ross.stuart/5oclock/lambda/index.js","statementMap":{"0":{"start":{"line":1,"column":15},"end":{"line":1,"column":41}},"1":{"start":{"line":2,"column":22},"end":{"line":2,"column":47}},"2":{"start":{"line":5,"column":20},"end":{"line":36,"column":1}},"3":{"start":{"line":39,"column":21},"end":{"line":236,"column":1}},"4":{"start":{"line":239,"column":21},"end":{"line":245,"column":1}},"5":{"start":{"line":248,"column":16},"end":{"line":253,"column":1}},"6":{"start":{"line":255,"column":0},"end":{"line":347,"column":2}},"7":{"start":{"line":257,"column":2},"end":{"line":263,"column":3}},"8":{"start":{"line":258,"column":4},"end":{"line":262,"column":6}},"9":{"start":{"line":265,"column":2},"end":{"line":346,"column":3}},"10":{"start":{"line":267,"column":16},"end":{"line":267,"column":24}},"11":{"start":{"line":270,"column":29},"end":{"line":279,"column":6}},"12":{"start":{"line":271,"column":23},"end":{"line":271,"column":49}},"13":{"start":{"line":272,"column":19},"end":{"line":272,"column":34}},"14":{"start":{"line":275,"column":6},"end":{"line":277,"column":7}},"15":{"start":{"line":276,"column":8},"end":{"line":276,"column":20}},"16":{"start":{"line":278,"column":6},"end":{"line":278,"column":19}},"17":{"start":{"line":282,"column":26},"end":{"line":282,"column":42}},"18":{"start":{"line":284,"column":4},"end":{"line":294,"column":5}},"19":{"start":{"line":285,"column":6},"end":{"line":293,"column":9}},"20":{"start":{"line":286,"column":25},"end":{"line":286,"column":51}},"21":{"start":{"line":287,"column":21},"end":{"line":287,"column":36}},"22":{"start":{"line":288,"column":23},"end":{"line":288,"column":40}},"23":{"start":{"line":292,"column":8},"end":{"line":292,"column":62}},"24":{"start":{"line":297,"column":4},"end":{"line":300,"column":5}},"25":{"start":{"line":298,"column":25},"end":{"line":298,"column":84}},"26":{"start":{"line":299,"column":6},"end":{"line":299,"column":37}},"27":{"start":{"line":303,"column":23},"end":{"line":303,"column":90}},"28":{"start":{"line":306,"column":21},"end":{"line":306,"column":53}},"29":{"start":{"line":307,"column":26},"end":{"line":307,"column":51}},"30":{"start":{"line":310,"column":25},"end":{"line":310,"column":26}},"31":{"start":{"line":311,"column":4},"end":{"line":315,"column":5}},"32":{"start":{"line":312,"column":6},"end":{"line":312,"column":41}},"33":{"start":{"line":313,"column":11},"end":{"line":315,"column":5}},"34":{"start":{"line":314,"column":6},"end":{"line":314,"column":46}},"35":{"start":{"line":318,"column":24},"end":{"line":318,"column":42}},"36":{"start":{"line":319,"column":24},"end":{"line":319,"column":90}},"37":{"start":{"line":322,"column":18},"end":{"line":322,"column":59}},"38":{"start":{"line":325,"column":25},"end":{"line":332,"column":5}},"39":{"start":{"line":334,"column":4},"end":{"line":338,"column":6}},"40":{"start":{"line":340,"column":4},"end":{"line":340,"column":35}},"41":{"start":{"line":341,"column":4},"end":{"line":345,"column":6}}},"fnMap":{"0":{"name":"(anonymous_0)","decl":{"start":{"line":255,"column":18},"end":{"line":255,"column":19}},"loc":{"start":{"line":255,"column":35},"end":{"line":347,"column":1}},"line":255},"1":{"name":"(anonymous_1)","decl":{"start":{"line":270,"column":48},"end":{"line":270,"column":49}},"loc":{"start":{"line":270,"column":56},"end":{"line":279,"column":5}},"line":270},"2":{"name":"(anonymous_2)","decl":{"start":{"line":285,"column":43},"end":{"line":285,"column":44}},"loc":{"start":{"line":285,"column":51},"end":{"line":293,"column":7}},"line":285}},"branchMap":{"0":{"loc":{"start":{"line":257,"column":2},"end":{"line":263,"column":3}},"type":"if","locations":[{"start":{"line":257,"column":2},"end":{"line":263,"column":3}},{"start":{},"end":{}}],"line":257},"1":{"loc":{"start":{"line":275,"column":6},"end":{"line":277,"column":7}},"type":"if","locations":[{"start":{"line":275,"column":6},"end":{"line":277,"column":7}},{"start":{},"end":{}}],"line":275},"2":{"loc":{"start":{"line":284,"column":4},"end":{"line":294,"column":5}},"type":"if","locations":[{"start":{"line":284,"column":4},"end":{"line":294,"column":5}},{"start":{},"end":{}}],"line":284},"3":{"loc":{"start":{"line":292,"column":15},"end":{"line":292,"column":61}},"type":"binary-expr","locations":[{"start":{"line":292,"column":16},"end":{"line":292,"column":27}},{"start":{"line":292,"column":33},"end":{"line":292,"column":44}},{"start":{"line":292,"column":48},"end":{"line":292,"column":60}}],"line":292},"4":{"loc":{"start":{"line":297,"column":4},"end":{"line":300,"column":5}},"type":"if","locations":[{"start":{"line":297,"column":4},"end":{"line":300,"column":5}},{"start":{},"end":{}}],"line":297},"5":{"loc":{"start":{"line":311,"column":4},"end":{"line":315,"column":5}},"type":"if","locations":[{"start":{"line":311,"column":4},"end":{"line":315,"column":5}},{"start":{"line":313,"column":11},"end":{"line":315,"column":5}}],"line":311},"6":{"loc":{"start":{"line":313,"column":11},"end":{"line":315,"column":5}},"type":"if","locations":[{"start":{"line":313,"column":11},"end":{"line":315,"column":5}},{"start":{},"end":{}}],"line":313},"7":{"loc":{"start":{"line":319,"column":24},"end":{"line":319,"column":90}},"type":"cond-expr","locations":[{"start":{"line":319,"column":49},"end":{"line":319,"column":76}},{"start":{"line":319,"column":79},"end":{"line":319,"column":90}}],"line":319},"8":{"loc":{"start":{"line":322,"column":18},"end":{"line":322,"column":59}},"type":"binary-expr","locations":[{"start":{"line":322,"column":18},"end":{"line":322,"column":43}},{"start":{"line":322,"column":47},"end":{"line":322,"column":59}}],"line":322}},"s":{"0":1,"1":1,"2":1,"3":1,"4":1,"5":1,"6":1,"7":2,"8":1,"9":1,"10":1,"11":1,"12":30,"13":30,"14":30,"15":0,"16":30,"17":1,"18":1,"19":1,"20":30,"21":30,"22":30,"23":30,"24":1,"25":1,"26":1,"27":1,"28":1,"29":1,"30":1,"31":1,"32":0,"33":1,"34":0,"35":1,"36":1,"37":1,"38":1,"39":1,"40":0,"41":0},"f":{"0":2,"1":30,"2":30},"b":{"0":[1,1],"1":[0,30],"2":[1,0],"3":[30,30,0],"4":[1,0],"5":[0,1],"6":[0,1],"7":[1,0],"8":[1,0]},"_coverageSchema":"1a1c01bbd47fc00a2c39e90264f33305004495a9","hash":"79f09492354e2d36d1acef47bf0714a4312e7623"}
}
