TN:
SF:index.js
FN:255,(anonymous_0)
FN:270,(anonymous_1)
FN:285,(anonymous_2)
FNF:3
FNH:3
FNDA:2,(anonymous_0)
FNDA:30,(anonymous_1)
FNDA:30,(anonymous_2)
DA:1,1
DA:2,1
DA:5,1
DA:39,1
DA:239,1
DA:248,1
DA:255,1
DA:257,2
DA:258,1
DA:265,1
DA:267,1
DA:270,1
DA:271,30
DA:272,30
DA:275,30
DA:276,0
DA:278,30
DA:282,1
DA:284,1
DA:285,1
DA:286,30
DA:287,30
DA:288,30
DA:292,30
DA:297,1
DA:298,1
DA:299,1
DA:303,1
DA:306,1
DA:307,1
DA:310,1
DA:311,1
DA:312,0
DA:313,1
DA:314,0
DA:318,1
DA:319,1
DA:322,1
DA:325,1
DA:334,1
DA:340,0
DA:341,0
LF:42
LH:37
BRDA:257,0,0,1
BRDA:257,0,1,1
BRDA:275,1,0,0
BRDA:275,1,1,30
BRDA:284,2,0,1
BRDA:284,2,1,0
BRDA:292,3,0,30
BRDA:292,3,1,30
BRDA:292,3,2,0
BRDA:297,4,0,1
BRDA:297,4,1,0
BRDA:311,5,0,0
BRDA:311,5,1,1
BRDA:313,6,0,0
BRDA:313,6,1,1
BRDA:319,7,0,1
BRDA:319,7,1,0
BRDA:322,8,0,1
BRDA:322,8,1,0
BRF:19
BRH:11
end_of_record
